<?xml version="1.0" encoding="UTF-8"?>
<testng-results skipped="0" failed="0" ignored="0" total="1" passed="1">
  <reporter-output>
  </reporter-output>
  <suite name="Suite" duration-ms="83321" started-at="2019-09-30T18:26:23Z" finished-at="2019-09-30T18:27:46Z">
    <groups>
    </groups>
    <test name="Test" duration-ms="83321" started-at="2019-09-30T18:26:23Z" finished-at="2019-09-30T18:27:46Z">
      <class name="BeeCow.BeeCow.CreateProductScript">
        <test-method status="PASS" signature="beforeClass(java.lang.String, java.lang.String)[pri:0, instance:BeeCow.BeeCow.CreateProductScript@7d9d1a19]" name="beforeClass" is-config="true" duration-ms="32968" started-at="2019-09-30T18:26:23Z" finished-at="2019-09-30T18:26:56Z">
          <params>
            <param index="0">
              <value>
                <![CDATA[chrome]]>
              </value>
            </param>
            <param index="1">
              <value>
                <![CDATA[76.0.3809.68]]>
              </value>
            </param>
          </params>
          <reporter-output>
          </reporter-output>
        </test-method> <!-- beforeClass -->
        <test-method status="PASS" signature="beforeMethod()[pri:0, instance:BeeCow.BeeCow.CreateProductScript@7d9d1a19]" name="beforeMethod" is-config="true" duration-ms="9899" started-at="2019-09-30T18:26:56Z" finished-at="2019-09-30T18:27:06Z">
          <reporter-output>
          </reporter-output>
        </test-method> <!-- beforeMethod -->
        <test-method status="PASS" signature="TC_034()[pri:0, instance:BeeCow.BeeCow.CreateProductScript@7d9d1a19]" name="TC_034" duration-ms="40434" started-at="2019-09-30T18:27:06Z" finished-at="2019-09-30T18:27:46Z">
          <reporter-output>
          </reporter-output>
        </test-method> <!-- TC_034 -->
        <test-method status="PASS" signature="afterClass()[pri:0, instance:BeeCow.BeeCow.CreateProductScript@7d9d1a19]" name="afterClass" is-config="true" duration-ms="1" started-at="2019-09-30T18:27:46Z" finished-at="2019-09-30T18:27:46Z">
          <reporter-output>
          </reporter-output>
        </test-method> <!-- afterClass -->
      </class> <!-- BeeCow.BeeCow.CreateProductScript -->
    </test> <!-- Test -->
  </suite> <!-- Suite -->
</testng-results>
